<?xml version="1.0" encoding="UTF-8" ?>
<testsuites>
 <testsuite name="singleton" timestamp="2017-06-02T14:17:32" hostname="localhost" time="0.002" errors="0" tests="1" skipped="0" disabled="0" failures="0">
  <testcase classname="singleton" name="random variable should be equal" time="0.002" />
 </testsuite>
</testsuites>