<?xml version="1.0" encoding="UTF-8" ?>
<testsuites>
 <testsuite name="singleton" timestamp="2017-06-04T21:32:34" hostname="localhost" time="0.003" errors="0" tests="2" skipped="0" disabled="0" failures="1">
  <testcase classname="singleton" name="should have getInstance method" time="0.001" />
  <testcase classname="singleton" name="random variable should be equal" time="0.001">
   <failure type="exception" message="TypeError: Cannot read property &apos;getRandomNumber&apos; of undefined"><![CDATA[TypeError: Cannot read property 'getRandomNumber' of undefined
    at Object.eval (eval at fs.readFile (/Users/dmitrymikheev/src/tests/server.js:75:9), <anonymous>:32:17)
    at attemptSync (/Users/dmitrymikheev/src/tests/node_modules/jasmine-core/lib/jasmine-core/jasmine.js:3877:24)
    at QueueRunner.run (/Users/dmitrymikheev/src/tests/node_modules/jasmine-core/lib/jasmine-core/jasmine.js:3866:9)
    at QueueRunner.execute (/Users/dmitrymikheev/src/tests/node_modules/jasmine-core/lib/jasmine-core/jasmine.js:3851:10)
    at Spec.queueRunnerFactory (/Users/dmitrymikheev/src/tests/node_modules/jasmine-core/lib/jasmine-core/jasmine.js:816:35)
    at Spec.execute (/Users/dmitrymikheev/src/tests/node_modules/jasmine-core/lib/jasmine-core/jasmine.js:473:10)
    at Object.fn (/Users/dmitrymikheev/src/tests/node_modules/jasmine-core/lib/jasmine-core/jasmine.js:4943:37)
    at attemptAsync (/Users/dmitrymikheev/src/tests/node_modules/jasmine-core/lib/jasmine-core/jasmine.js:3914:24)
    at QueueRunner.run (/Users/dmitrymikheev/src/tests/node_modules/jasmine-core/lib/jasmine-core/jasmine.js:3863:9)
    at /Users/dmitrymikheev/src/tests/node_modules/jasmine-core/lib/jasmine-core/jasmine.js:3894:16
    at /Users/dmitrymikheev/src/tests/node_modules/jasmine-core/lib/jasmine-core/jasmine.js:3827:9
    at QueueRunner.complete [as onComplete] (/Users/dmitrymikheev/src/tests/node_modules/jasmine-core/lib/jasmine-core/jasmine.js:485:9)
    at Immediate.<anonymous> (/Users/dmitrymikheev/src/tests/node_modules/jasmine-core/lib/jasmine-core/jasmine.js:3872:12)
    at runCallback (timers.js:672:20)
    at tryOnImmediate (timers.js:645:5)
    at processImmediate [as _immediateCallback] (timers.js:617:5)]]>
   </failure>
  </testcase>
 </testsuite>
</testsuites>