<?xml version="1.0" encoding="UTF-8" ?>
<testsuites>
 <testsuite name="singleton" timestamp="2017-06-02T01:22:13" hostname="localhost" time="0" errors="0" tests="1" skipped="0" disabled="0" failures="1">
  <testcase classname="singleton" name="encountered a declaration exception" time="0">
   <failure type="exception" message="ReferenceError: Singleton is not defined"><![CDATA[ReferenceError: Singleton is not defined
    at Suite.eval (eval at fs.readFile (/Users/dmitrymikheev/src/tests/server.js:75:9), <anonymous>:17:23)
    at addSpecsToSuite (/Users/dmitrymikheev/src/tests/node_modules/jasmine-core/lib/jasmine-core/jasmine.js:994:25)
    at Env.describe (/Users/dmitrymikheev/src/tests/node_modules/jasmine-core/lib/jasmine-core/jasmine.js:961:7)
    at describe (/Users/dmitrymikheev/src/tests/node_modules/jasmine-core/lib/jasmine-core/jasmine.js:3999:18)
    at eval (eval at fs.readFile (/Users/dmitrymikheev/src/tests/server.js:75:9), <anonymous>:2:7)
    at fs.readFile (/Users/dmitrymikheev/src/tests/server.js:75:9)
    at tryToString (fs.js:449:3)
    at FSReqWrap.readFileAfterClose [as oncomplete] (fs.js:436:12)]]>
   </failure>
  </testcase>
 </testsuite>
</testsuites>