<?xml version="1.0" encoding="UTF-8" ?>
<testsuites>
 <testsuite name="prototype" timestamp="2017-06-02T01:22:19" hostname="localhost" time="0.002" errors="0" tests="2" skipped="0" disabled="0" failures="0">
  <testcase classname="prototype" name="should have method walk" time="0.001" />
  <testcase classname="prototype" name="should be instanceof Animal" time="0.001" />
 </testsuite>
</testsuites>